<?xml version="1.0" encoding="UTF-8"?>
<testsuite xmlns:xsi="http://www.w3.org/2001/XMLSchema-instance" xsi:noNamespaceSchemaLocation="https://maven.apache.org/surefire/maven-surefire-plugin/xsd/surefire-test-report.xsd" version="3.0.2" name="com.vunum.SocietyAdmin.SocietyAdminApplicationTests" time="11.974" tests="1" errors="0" skipped="0" failures="0">
  <properties>
[...]
</properties>
  <testcase name="contextLoads" classname="com.vunum.SocietyAdmin.SocietyAdminApplicationTests" time="0.674">
    <system-out><![CDATA[Standard Commons Logging discovery in action with spring-jcl: please remove commons-logging.jar from classpath in order to avoid potential conflicts
08:25:47.556 [main] INFO org.springframework.test.context.support.AnnotationConfigContextLoaderUtils -- Could not detect default configuration classes for test class [com.vunum.SocietyAdmin.SocietyAdminApplicationTests]: SocietyAdminApplicationTests does not declare any static, non-private, non-final, nested classes annotated with @Configuration.
08:25:47.666 [main] INFO org.springframework.boot.test.context.SpringBootTestContextBootstrapper -- Found @SpringBootConfiguration com.vunum.SocietyAdmin.SocietyAdminApplication for test class com.vunum.SocietyAdmin.SocietyAdminApplicationTests

  .   ____          _            __ _ _
 /\\ / ___'_ __ _ _(_)_ __  __ _ \ \ \ \
( ( )\___ | '_ | '_| | '_ \/ _` | \ \ \ \
 \\/  ___)| |_)| | | | | || (_| |  ) ) ) )
  '  |____| .__|_| |_|_| |_\__, | / / / /
 =========|_|==============|___/=/_/_/_/

 :: Spring Boot ::                (v3.5.1)

2026-02-28T08:25:48.224Z  INFO 144666 --- [SocietyAdmin] [           main] c.v.S.SocietyAdminApplicationTests       : Starting SocietyAdminApplicationTests using Java 23.0.2 with PID 144666 (started by root in /root/DIGI-IMMO-ADMIN-temp)
2026-02-28T08:25:48.231Z  INFO 144666 --- [SocietyAdmin] [           main] c.v.S.SocietyAdminApplicationTests       : No active profile set, falling back to 1 default profile: "default"
2026-02-28T08:25:49.255Z  INFO 144666 --- [SocietyAdmin] [           main] .s.d.r.c.RepositoryConfigurationDelegate : Bootstrapping Spring Data JPA repositories in DEFAULT mode.
2026-02-28T08:25:49.354Z  INFO 144666 --- [SocietyAdmin] [           main] .s.d.r.c.RepositoryConfigurationDelegate : Finished Spring Data repository scanning in 88 ms. Found 26 JPA repository interfaces.
2026-02-28T08:25:50.167Z  INFO 144666 --- [SocietyAdmin] [           main] o.hibernate.jpa.internal.util.LogHelper  : HHH000204: Processing PersistenceUnitInfo [name: default]
2026-02-28T08:25:50.249Z  INFO 144666 --- [SocietyAdmin] [           main] org.hibernate.Version                    : HHH000412: Hibernate ORM core version 6.6.18.Final
2026-02-28T08:25:50.303Z  INFO 144666 --- [SocietyAdmin] [           main] o.h.c.internal.RegionFactoryInitiator    : HHH000026: Second-level cache disabled
2026-02-28T08:25:50.744Z  INFO 144666 --- [SocietyAdmin] [           main] o.s.o.j.p.SpringPersistenceUnitInfo      : No LoadTimeWeaver setup: ignoring JPA class transformer
2026-02-28T08:25:50.783Z  INFO 144666 --- [SocietyAdmin] [           main] com.zaxxer.hikari.HikariDataSource       : HikariPool-1 - Starting...
2026-02-28T08:25:51.214Z  INFO 144666 --- [SocietyAdmin] [           main] com.zaxxer.hikari.pool.HikariPool        : HikariPool-1 - Added connection org.postgresql.jdbc.PgConnection@fd69983
2026-02-28T08:25:51.215Z  INFO 144666 --- [SocietyAdmin] [           main] com.zaxxer.hikari.HikariDataSource       : HikariPool-1 - Start completed.
2026-02-28T08:25:51.290Z  WARN 144666 --- [SocietyAdmin] [           main] org.hibernate.orm.deprecation            : HHH90000025: PostgreSQLDialect does not need to be specified explicitly using 'hibernate.dialect' (remove the property setting and it will be selected by default)
2026-02-28T08:25:51.313Z  INFO 144666 --- [SocietyAdmin] [           main] org.hibernate.orm.connections.pooling    : HHH10001005: Database info:
	Database JDBC URL [Connecting through datasource 'HikariDataSource (HikariPool-1)']
	Database driver: undefined/unknown
	Database version: 12.22
	Autocommit mode: undefined/unknown
	Isolation level: undefined/unknown
	Minimum pool size: undefined/unknown
	Maximum pool size: undefined/unknown
2026-02-28T08:25:52.934Z  INFO 144666 --- [SocietyAdmin] [           main] o.h.e.t.j.p.i.JtaPlatformInitiator       : HHH000489: No JTA platform available (set 'hibernate.transaction.jta.platform' to enable JTA platform integration)
2026-02-28T08:25:55.334Z  INFO 144666 --- [SocietyAdmin] [           main] j.LocalContainerEntityManagerFactoryBean : Initialized JPA EntityManagerFactory for persistence unit 'default'
2026-02-28T08:25:55.834Z  INFO 144666 --- [SocietyAdmin] [           main] o.s.d.j.r.query.QueryEnhancerFactory     : Hibernate is in classpath; If applicable, HQL parser will be used.
2026-02-28T08:25:57.579Z  INFO 144666 --- [SocietyAdmin] [           main] r$InitializeUserDetailsManagerConfigurer : Global AuthenticationManager configured with UserDetailsService bean with name customUserDetailService
2026-02-28T08:25:57.700Z  WARN 144666 --- [SocietyAdmin] [           main] JpaBaseConfiguration$JpaWebConfiguration : spring.jpa.open-in-view is enabled by default. Therefore, database queries may be performed during view rendering. Explicitly configure spring.jpa.open-in-view to disable this warning
2026-02-28T08:25:58.584Z  INFO 144666 --- [SocietyAdmin] [           main] c.v.S.SocietyAdminApplicationTests       : Started SocietyAdminApplicationTests in 10.748 seconds (process running for 12.336)
]]></system-out>
    <system-err><![CDATA[Mockito is currently self-attaching to enable the inline-mock-maker. This will no longer work in future releases of the JDK. Please add Mockito as an agent to your build as described in Mockito's documentation: https://javadoc.io/doc/org.mockito/mockito-core/latest/org.mockito/org/mockito/Mockito.html#0.3
WARNING: A Java agent has been loaded dynamically (/root/.m2/repository/net/bytebuddy/byte-buddy-agent/1.17.6/byte-buddy-agent-1.17.6.jar)
WARNING: If a serviceability tool is in use, please run with -XX:+EnableDynamicAgentLoading to hide this warning
WARNING: If a serviceability tool is not in use, please run with -Djdk.instrument.traceUsage for more information
WARNING: Dynamic loading of agents will be disallowed by default in a future release
]]></system-err>
  </testcase>
</testsuite>